<?xml version="1.0" encoding="UTF-8"?>
<testsuite xmlns:xsi="http://www.w3.org/2001/XMLSchema-instance" xsi:noNamespaceSchemaLocation="https://maven.apache.org/surefire/maven-surefire-plugin/xsd/surefire-test-report.xsd" version="3.0.2" name="hospital.SistemaHospitalarTest" time="0.069" tests="25" errors="0" skipped="0" failures="0">
  <properties>
[...]
</properties>
  <testcase name="internacaoCalcularDiasCorreto" classname="hospital.SistemaHospitalarTest" time="0.01"/>
  <testcase name="medicamentoAtualizarEstoqueRemove" classname="hospital.SistemaHospitalarTest" time="0.001"/>
  <testcase name="repositorioArquivoInexistenteRetornaListaVazia" classname="hospital.SistemaHospitalarTest" time="0.006"/>
  <testcase name="consultaEmitirReciboContemData" classname="hospital.SistemaHospitalarTest" time="0.007"/>
  <testcase name="medicamentoVerificarEstoqueZero" classname="hospital.SistemaHospitalarTest" time="0.0"/>
  <testcase name="consultaCalcularTotalComDesconto" classname="hospital.SistemaHospitalarTest" time="0.007"/>
  <testcase name="pacienteCriadoComAtributosCorretos" classname="hospital.SistemaHospitalarTest" time="0.001"/>
  <testcase name="medicoCriadoComAtributosCorretos" classname="hospital.SistemaHospitalarTest" time="0.001"/>
  <testcase name="pacienteSettersAtualizam" classname="hospital.SistemaHospitalarTest" time="0.0"/>
  <testcase name="repositorioSalvarECarregarPaciente" classname="hospital.SistemaHospitalarTest" time="0.01"/>
  <testcase name="medicamentoAtualizarEstoqueAdiciona" classname="hospital.SistemaHospitalarTest" time="0.0"/>
  <testcase name="internacaoSemDataSaidaDiasZero" classname="hospital.SistemaHospitalarTest" time="0.0"/>
  <testcase name="medicamentoCriadoComAtributosCorretos" classname="hospital.SistemaHospitalarTest" time="0.001"/>
  <testcase name="medicoCalcularSalarioInclui10PorHora" classname="hospital.SistemaHospitalarTest" time="0.0"/>
  <testcase name="consultaGerarFaturaContemDados" classname="hospital.SistemaHospitalarTest" time="0.0"/>
  <testcase name="tipoSanguineoToStringFormatado" classname="hospital.SistemaHospitalarTest" time="0.001"/>
  <testcase name="medicamentoAtualizarEstoqueInsuficienteLancaExcecao" classname="hospital.SistemaHospitalarTest" time="0.001"/>
  <testcase name="internacaoCalcularTotalSemDesconto" classname="hospital.SistemaHospitalarTest" time="0.0"/>
  <testcase name="repositorioSalvarMultiplosItens" classname="hospital.SistemaHospitalarTest" time="0.002"/>
  <testcase name="enfermeiroCriadoComAtributosCorretos" classname="hospital.SistemaHospitalarTest" time="0.001"/>
  <testcase name="medicoSetPlantaoAtualiza" classname="hospital.SistemaHospitalarTest" time="0.0"/>
  <testcase name="enfermeiroSettersAtualizam" classname="hospital.SistemaHospitalarTest" time="0.001"/>
  <testcase name="consultaCalcularTotalSemDesconto" classname="hospital.SistemaHospitalarTest" time="0.0"/>
  <testcase name="medicamentoVerificarEstoquePositivo" classname="hospital.SistemaHospitalarTest" time="0.001"/>
  <testcase name="internacaoAplicarDesconto" classname="hospital.SistemaHospitalarTest" time="0.0"/>
</testsuite>